The target system is: Generic - 3.3.99 - arm
The host system is: Linux - 6.2.0-32-generic - x86_64
Compiling the C compiler identification source file "CMakeCCompilerId.c" succeeded.
Compiler: /home/niklas/ncs/toolchains/1f9b40e71a/opt/zephyr-sdk/arm-zephyr-eabi/bin/arm-zephyr-eabi-gcc 
Build flags: 
Id flags: -c 

The output was:
0


Compilation of the C compiler identification source "CMakeCCompilerId.c" produced "CMakeCCompilerId.o"

The C compiler identification is GNU, found in "/home/niklas/myBLEProject/nRF_Application/blefund_less5_exer1_solution/build/hci_rpmsg/CMakeFiles/3.20.5/CompilerIdC/CMakeCCompilerId.o"

Compiling the CXX compiler identification source file "CMakeCXXCompilerId.cpp" succeeded.
Compiler: /home/niklas/ncs/toolchains/1f9b40e71a/opt/zephyr-sdk/arm-zephyr-eabi/bin/arm-zephyr-eabi-g++ 
Build flags: 
Id flags: -c 

The output was:
0


Compilation of the CXX compiler identification source "CMakeCXXCompilerId.cpp" produced "CMakeCXXCompilerId.o"

The CXX compiler identification is GNU, found in "/home/niklas/myBLEProject/nRF_Application/blefund_less5_exer1_solution/build/hci_rpmsg/CMakeFiles/3.20.5/CompilerIdCXX/CMakeCXXCompilerId.o"

Checking whether the ASM compiler is GNU using "--version" matched "(GNU assembler)|(GCC)|(Free Software Foundation)":
arm-zephyr-eabi-gcc (Zephyr SDK 0.16.0) 12.2.0
Copyright (C) 2022 Free Software Foundation, Inc.
This is free software; see the source for copying conditions.  There is NO
warranty; not even for MERCHANTABILITY or FITNESS FOR A PARTICULAR PURPOSE.

Determining if files stdatomic.h exist passed with the following output:
Change Dir: /home/niklas/myBLEProject/nRF_Application/blefund_less5_exer1_solution/build/hci_rpmsg/CMakeFiles/CMakeTmp

Run Build Command(s):/home/niklas/ncs/toolchains/1f9b40e71a/usr/local/bin/ninja cmTC_6311e && [1/2] Building C object CMakeFiles/cmTC_6311e.dir/HAVE_STDATOMIC_H.c.obj
[2/2] Linking C executable cmTC_6311e
arm-zephyr-eabi-gcc: warning: CMakeFiles/cmTC_6311e.dir/HAVE_STDATOMIC_H.c.obj: linker input file unused because linking not done



Determining if files fcntl.h exist passed with the following output:
Change Dir: /home/niklas/myBLEProject/nRF_Application/blefund_less5_exer1_solution/build/hci_rpmsg/CMakeFiles/CMakeTmp

Run Build Command(s):/home/niklas/ncs/toolchains/1f9b40e71a/usr/local/bin/ninja cmTC_dc668 && [1/2] Building C object CMakeFiles/cmTC_dc668.dir/HAVE_FCNTL_H.c.obj
[2/2] Linking C executable cmTC_dc668
arm-zephyr-eabi-gcc: warning: CMakeFiles/cmTC_dc668.dir/HAVE_FCNTL_H.c.obj: linker input file unused because linking not done



